[    0.000000] Linux version 4.15.0-135-generic (buildd@lgw01-amd64-005) (gcc version 7.5.0 (Ubuntu 7.5.0-3ubuntu1~18.04)) #139-Ubuntu SMP Mon Jan 18 17:38:24 UTC 2021 (Ubuntu 4.15.0-135.139-generic 4.15.18)
[    0.000000] Command line: BOOT_IMAGE=/boot/vmlinuz-4.15.0-135-generic root=LABEL=cloudimg-rootfs ro console=tty1 console=ttyS0
[    0.000000] KERNEL supported cpus:
[    0.000000]   Intel GenuineIntel
[    0.000000]   AMD AuthenticAMD
[    0.000000]   Centaur CentaurHauls
[    0.000000] x86/fpu: x87 FPU will use FXSAVE
[    0.000000] e820: BIOS-provided physical RAM map:
[    0.000000] BIOS-e820: [mem 0x0000000000000000-0x000000000009fbff] usable
[    0.000000] BIOS-e820: [mem 0x000000000009fc00-0x000000000009ffff] reserved
[    0.000000] BIOS-e820: [mem 0x00000000000f0000-0x00000000000fffff] reserved
[    0.000000] BIOS-e820: [mem 0x0000000000100000-0x000000003ffeffff] usable
[    0.000000] BIOS-e820: [mem 0x000000003fff0000-0x000000003fffffff] ACPI data
[    0.000000] BIOS-e820: [mem 0x00000000fec00000-0x00000000fec00fff] reserved
[    0.000000] BIOS-e820: [mem 0x00000000fee00000-0x00000000fee00fff] reserved
[    0.000000] BIOS-e820: [mem 0x00000000fffc0000-0x00000000ffffffff] reserved
[    0.000000] NX (Execute Disable) protection: active
[    0.000000] SMBIOS 2.5 present.
[    0.000000] DMI: innotek GmbH VirtualBox/VirtualBox, BIOS VirtualBox 12/01/2006
[    0.000000] Hypervisor detected: KVM
[    0.000000] e820: last_pfn = 0x3fff0 max_arch_pfn = 0x400000000
[    0.000000] MTRR: Disabled
[    0.000000] x86/PAT: MTRRs disabled, skipping PAT initialization too.
[    0.000000] CPU MTRRs all blank - virtualized system.
[    0.000000] x86/PAT: Configuration [0-7]: WB  WT  UC- UC  WB  WT  UC- UC  
[    0.000000] found SMP MP-table at [mem 0x0009fff0-0x0009ffff]
[    0.000000] Scanning 1 areas for low memory corruption
[    0.000000] RAMDISK: [mem 0x35a63000-0x36d28fff]
[    0.000000] ACPI: Early table checksum verification disabled
[    0.000000] ACPI: RSDP 0x00000000000E0000 000024 (v02 VBOX  )
[    0.000000] ACPI: XSDT 0x000000003FFF0030 00003C (v01 VBOX   VBOXXSDT 00000001 ASL  00000061)
[    0.000000] ACPI: FACP 0x000000003FFF00F0 0000F4 (v04 VBOX   VBOXFACP 00000001 ASL  00000061)
[    0.000000] ACPI: DSDT 0x000000003FFF0470 002325 (v02 VBOX   VBOXBIOS 00000002 INTL 20100528)
[    0.000000] ACPI: FACS 0x000000003FFF0200 000040
[    0.000000] ACPI: FACS 0x000000003FFF0200 000040
[    0.000000] ACPI: APIC 0x000000003FFF0240 000054 (v02 VBOX   VBOXAPIC 00000001 ASL  00000061)
[    0.000000] ACPI: SSDT 0x000000003FFF02A0 0001CC (v01 VBOX   VBOXCPUT 00000002 INTL 20100528)
[    0.000000] No NUMA configuration found
[    0.000000] Faking a node at [mem 0x0000000000000000-0x000000003ffeffff]
[    0.000000] NODE_DATA(0) allocated [mem 0x3ffc5000-0x3ffeffff]
[    0.000000] kvm-clock: cpu 0, msr 0:3ff44001, primary cpu clock
[    0.000000] kvm-clock: Using msrs 4b564d01 and 4b564d00
[    0.000000] kvm-clock: using sched offset of 4560283041 cycles
[    0.000000] clocksource: kvm-clock: mask: 0xffffffffffffffff max_cycles: 0x1cd42e4dffb, max_idle_ns: 881590591483 ns
[    0.000000] Zone ranges:
[    0.000000]   DMA      [mem 0x0000000000001000-0x0000000000ffffff]
[    0.000000]   DMA32    [mem 0x0000000001000000-0x000000003ffeffff]
[    0.000000]   Normal   empty
[    0.000000]   Device   empty
[    0.000000] Movable zone start for each node
[    0.000000] Early memory node ranges
[    0.000000]   node   0: [mem 0x0000000000001000-0x000000000009efff]
[    0.000000]   node   0: [mem 0x0000000000100000-0x000000003ffeffff]
[    0.000000] Reserved but unavailable: 98 pages
[    0.000000] Initmem setup node 0 [mem 0x0000000000001000-0x000000003ffeffff]
[    0.000000] ACPI: PM-Timer IO Port: 0x4008
[    0.000000] IOAPIC[0]: apic_id 1, version 32, address 0xfec00000, GSI 0-23
[    0.000000] ACPI: INT_SRC_OVR (bus 0 bus_irq 0 global_irq 2 dfl dfl)
[    0.000000] ACPI: INT_SRC_OVR (bus 0 bus_irq 9 global_irq 9 low level)
[    0.000000] Using ACPI (MADT) for SMP configuration information
[    0.000000] smpboot: Allowing 1 CPUs, 0 hotplug CPUs
[    0.000000] PM: Registered nosave memory: [mem 0x00000000-0x00000fff]
[    0.000000] PM: Registered nosave memory: [mem 0x0009f000-0x0009ffff]
[    0.000000] PM: Registered nosave memory: [mem 0x000a0000-0x000effff]
[    0.000000] PM: Registered nosave memory: [mem 0x000f0000-0x000fffff]
[    0.000000] e820: [mem 0x40000000-0xfebfffff] available for PCI devices
[    0.000000] Booting paravirtualized kernel on KVM
[    0.000000] clocksource: refined-jiffies: mask: 0xffffffff max_cycles: 0xffffffff, max_idle_ns: 7645519600211568 ns
[    0.000000] random: get_random_bytes called from start_kernel+0x99/0x500 with crng_init=0
[    0.000000] setup_percpu: NR_CPUS:8192 nr_cpumask_bits:1 nr_cpu_ids:1 nr_node_ids:1
[    0.000000] percpu: Embedded 45 pages/cpu s147456 r8192 d28672 u2097152
[    0.000000] PV qspinlock hash table entries: 256 (order: 0, 4096 bytes)
[    0.000000] Built 1 zonelists, mobility grouping on.  Total pages: 257913
[    0.000000] Policy zone: DMA32
[    0.000000] Kernel command line: BOOT_IMAGE=/boot/vmlinuz-4.15.0-135-generic root=LABEL=cloudimg-rootfs ro console=tty1 console=ttyS0
[    0.000000] Memory: 983200K/1048120K available (12300K kernel code, 2482K rwdata, 4276K rodata, 2440K init, 2724K bss, 64920K reserved, 0K cma-reserved)
[    0.000000] SLUB: HWalign=64, Order=0-3, MinObjects=0, CPUs=1, Nodes=1
[    0.000000] Kernel/User page tables isolation: enabled
[    0.000000] ftrace: allocating 39422 entries in 154 pages
[    0.004000] Hierarchical RCU implementation.
[    0.004000] 	RCU restricting CPUs from NR_CPUS=8192 to nr_cpu_ids=1.
[    0.004000] 	Tasks RCU enabled.
[    0.004000] RCU: Adjusting geometry for rcu_fanout_leaf=16, nr_cpu_ids=1
[    0.004000] NR_IRQS: 524544, nr_irqs: 256, preallocated irqs: 16
[    0.004000] Console: colour VGA+ 80x25
[    0.004000] console [tty1] enabled
[    0.004000] console [ttyS0] enabled
[    0.004000] ACPI: Core revision 20170831
[    0.004000] ACPI: 2 ACPI AML tables successfully acquired and loaded
[    0.004000] APIC: Switch to symmetric I/O mode setup
[    0.004000] ..TIMER: vector=0x30 apic1=0 pin1=2 apic2=-1 pin2=-1
[    0.004003] tsc: Detected 3192.010 MHz processor
[    0.008008] Calibrating delay loop (skipped) preset value.. 6384.02 BogoMIPS (lpj=12768040)
[    0.012004] pid_max: default: 32768 minimum: 301
[    0.016042] Security Framework initialized
[    0.018379] Yama: becoming mindful.
[    0.020016] AppArmor: AppArmor initialized
[    0.028259] Dentry cache hash table entries: 131072 (order: 8, 1048576 bytes)
[    0.033619] Inode-cache hash table entries: 65536 (order: 7, 524288 bytes)
[    0.036117] Mount-cache hash table entries: 2048 (order: 2, 16384 bytes)
[    0.040053] Mountpoint-cache hash table entries: 2048 (order: 2, 16384 bytes)
[    0.044966] Last level iTLB entries: 4KB 64, 2MB 8, 4MB 8
[    0.048002] Last level dTLB entries: 4KB 64, 2MB 0, 4MB 0, 1GB 4
[    0.052003] Spectre V1 : Mitigation: usercopy/swapgs barriers and __user pointer sanitization
[    0.056002] Spectre V2 : Mitigation: Full generic retpoline
[    0.060001] Spectre V2 : Spectre v2 / SpectreRSB mitigation: Filling RSB on context switch
[    0.064002] Speculative Store Bypass: Vulnerable
[    0.068032] MDS: Vulnerable: Clear CPU buffers attempted, no microcode
[    0.076673] Freeing SMP alternatives memory: 36K
[    0.192359] smpboot: CPU0: Intel(R) Core(TM) i7-8700 CPU @ 3.20GHz (family: 0x6, model: 0x9e, stepping: 0xa)
[    0.200379] Performance Events: unsupported p6 CPU model 158 no PMU driver, software events only.
[    0.204089] Hierarchical SRCU implementation.
[    0.208705] NMI watchdog: Perf event create on CPU 0 failed with -2
[    0.212002] NMI watchdog: Perf NMI watchdog permanently disabled
[    0.220226] smp: Bringing up secondary CPUs ...
[    0.223106] smp: Brought up 1 node, 1 CPU
[    0.224002] smpboot: Max logical packages: 1
[    0.228002] smpboot: Total of 1 processors activated (6384.02 BogoMIPS)
[    0.232230] devtmpfs: initialized
[    0.236071] x86/mm: Memory block size: 128MB
[    0.239115] evm: security.selinux
[    0.240003] evm: security.SMACK64
[    0.244002] evm: security.SMACK64EXEC
[    0.248063] evm: security.SMACK64TRANSMUTE
[    0.251185] evm: security.SMACK64MMAP
[    0.252002] evm: security.apparmor
[    0.256002] evm: security.ima
[    0.257897] evm: security.capability
[    0.260282] clocksource: jiffies: mask: 0xffffffff max_cycles: 0xffffffff, max_idle_ns: 7645041785100000 ns
[    0.264011] futex hash table entries: 256 (order: 2, 16384 bytes)
[    0.268085] pinctrl core: initialized pinctrl subsystem
[    0.276260] RTC time:  8:44:43, date: 03/11/21
[    0.279054] NET: Registered protocol family 16
[    0.280116] audit: initializing netlink subsys (disabled)
[    0.284514] cpuidle: using governor ladder
[    0.286754] cpuidle: using governor menu
[    0.288006] audit: type=2000 audit(1615452289.268:1): state=initialized audit_enabled=0 res=1
[    0.292047] ACPI: bus type PCI registered
[    0.296007] acpiphp: ACPI Hot Plug PCI Controller Driver version: 0.5
[    0.300388] PCI: Using configuration type 1 for base access
[    0.308343] HugeTLB registered 2.00 MiB page size, pre-allocated 0 pages
[    0.312642] ACPI: Added _OSI(Module Device)
[    0.316006] ACPI: Added _OSI(Processor Device)
[    0.320002] ACPI: Added _OSI(3.0 _SCP Extensions)
[    0.322529] ACPI: Added _OSI(Processor Aggregator Device)
[    0.324013] ACPI: Added _OSI(Linux-Dell-Video)
[    0.328002] ACPI: Added _OSI(Linux-Lenovo-NV-HDMI-Audio)
[    0.332002] ACPI: Added _OSI(Linux-HPI-Hybrid-Graphics)
[    0.335840] ACPI: Executed 1 blocks of module-level executable AML code
[    0.340448] ACPI: Interpreter enabled
[    0.343089] ACPI: (supports S0 S5)
[    0.344002] ACPI: Using IOAPIC for interrupt routing
[    0.348305] PCI: Using host bridge windows from ACPI; if necessary, use "pci=nocrs" and report a bug
[    0.352153] ACPI: Enabled 2 GPEs in block 00 to 07
[    0.364866] ACPI: PCI Root Bridge [PCI0] (domain 0000 [bus 00-ff])
[    0.368006] acpi PNP0A03:00: _OSC: OS supports [ASPM ClockPM Segments MSI]
[    0.372612] acpi PNP0A03:00: _OSC: not requesting OS control; OS requires [ExtendedConfig ASPM ClockPM MSI]
[    0.376020] acpi PNP0A03:00: fail to add MMCONFIG information, can't access extended PCI configuration space under this bridge.
[    0.380532] PCI host bridge to bus 0000:00
[    0.384005] pci_bus 0000:00: root bus resource [io  0x0000-0x0cf7 window]
[    0.388003] pci_bus 0000:00: root bus resource [io  0x0d00-0xffff window]
[    0.392003] pci_bus 0000:00: root bus resource [mem 0x000a0000-0x000bffff window]
[    0.396003] pci_bus 0000:00: root bus resource [mem 0x40000000-0xfdffffff window]
[    0.400006] pci_bus 0000:00: root bus resource [bus 00-ff]
[    0.408572] pci 0000:00:01.1: legacy IDE quirk: reg 0x10: [io  0x01f0-0x01f7]
[    0.412003] pci 0000:00:01.1: legacy IDE quirk: reg 0x14: [io  0x03f6]
[    0.416003] pci 0000:00:01.1: legacy IDE quirk: reg 0x18: [io  0x0170-0x0177]
[    0.419789] pci 0000:00:01.1: legacy IDE quirk: reg 0x1c: [io  0x0376]
[    0.484470] pci 0000:00:07.0: quirk: [io  0x4000-0x403f] claimed by PIIX4 ACPI
[    0.492021] pci 0000:00:07.0: quirk: [io  0x4100-0x410f] claimed by PIIX4 SMB
[    0.505427] ACPI: PCI Interrupt Link [LNKA] (IRQs 5 9 10 *11)
[    0.508375] ACPI: PCI Interrupt Link [LNKB] (IRQs 5 9 *10 11)
[    0.512139] ACPI: PCI Interrupt Link [LNKC] (IRQs 5 *9 10 11)
[    0.516131] ACPI: PCI Interrupt Link [LNKD] (IRQs 5 9 10 *11)
[    0.520570] SCSI subsystem initialized
[    0.524212] pci 0000:00:02.0: vgaarb: setting as boot VGA device
[    0.527900] pci 0000:00:02.0: vgaarb: VGA device added: decodes=io+mem,owns=io+mem,locks=none
[    0.528005] pci 0000:00:02.0: vgaarb: bridge control possible
[    0.532002] vgaarb: loaded
[    0.533633] ACPI: bus type USB registered
[    0.540012] usbcore: registered new interface driver usbfs
[    0.544010] usbcore: registered new interface driver hub
[    0.548012] usbcore: registered new device driver usb
[    0.552179] EDAC MC: Ver: 3.0.0
[    0.556542] PCI: Using ACPI for IRQ routing
[    0.560462] NetLabel: Initializing
[    0.564002] NetLabel:  domain hash size = 128
[    0.568001] NetLabel:  protocols = UNLABELED CIPSOv4 CALIPSO
[    0.572094] NetLabel:  unlabeled traffic allowed by default
[    0.576142] clocksource: Switched to clocksource kvm-clock
[    0.623801] VFS: Disk quotas dquot_6.6.0
[    0.627026] VFS: Dquot-cache hash table entries: 512 (order 0, 4096 bytes)
[    0.631491] AppArmor: AppArmor Filesystem Enabled
[    0.634505] pnp: PnP ACPI init
[    0.637731] pnp: PnP ACPI: found 3 devices
[    0.647564] clocksource: acpi_pm: mask: 0xffffff max_cycles: 0xffffff, max_idle_ns: 2085701024 ns
[    0.653901] NET: Registered protocol family 2
[    0.657007] TCP established hash table entries: 8192 (order: 4, 65536 bytes)
[    0.661407] TCP bind hash table entries: 8192 (order: 5, 131072 bytes)
[    0.666005] TCP: Hash tables configured (established 8192 bind 8192)
[    0.670408] UDP hash table entries: 512 (order: 2, 16384 bytes)
[    0.673906] UDP-Lite hash table entries: 512 (order: 2, 16384 bytes)
[    0.677495] NET: Registered protocol family 1
[    0.679884] pci 0000:00:00.0: Limiting direct PCI/PCI transfers
[    0.684401] pci 0000:00:01.0: Activating ISA DMA hang workarounds
[    0.687696] pci 0000:00:02.0: Video device with shadowed ROM at [mem 0x000c0000-0x000dffff]
[    0.693312] Unpacking initramfs...
[    1.128701] Freeing initrd memory: 19224K
[    1.132142] clocksource: tsc: mask: 0xffffffffffffffff max_cycles: 0x2e02cdeec24, max_idle_ns: 440795276831 ns
[    1.137616] platform rtc_cmos: registered platform RTC device (no PNP device found)
[    1.142477] Scanning for low memory corruption every 60 seconds
[    1.147101] Initialise system trusted keyrings
[    1.150563] Key type blacklist registered
[    1.152946] workingset: timestamp_bits=36 max_order=18 bucket_order=0
[    1.158556] zbud: loaded
[    1.160925] squashfs: version 4.0 (2009/01/31) Phillip Lougher
[    1.165026] fuse init (API version 7.26)
[    1.169637] Key type asymmetric registered
[    1.172575] Asymmetric key parser 'x509' registered
[    1.175894] Block layer SCSI generic (bsg) driver version 0.4 loaded (major 246)
[    1.181285] io scheduler noop registered
[    1.183429] io scheduler deadline registered
[    1.186651] io scheduler cfq registered (default)
[    1.189957] ACPI: AC Adapter [AC] (on-line)
[    1.193015] input: Power Button as /devices/LNXSYSTM:00/LNXPWRBN:00/input/input0
[    1.197461] ACPI: Power Button [PWRF]
[    1.199930] input: Sleep Button as /devices/LNXSYSTM:00/LNXSLPBN:00/input/input1
[    1.205373] ACPI: Sleep Button [SLPF]
[    1.207659] Serial: 8250/16550 driver, 32 ports, IRQ sharing enabled
[    1.216048] 00:02: ttyS0 at I/O 0x3f8 (irq = 4, base_baud = 115200) is a 16550A
[    1.245870] Linux agpgart interface v0.103
[    1.255138] loop: module loaded
[    1.258351] scsi host0: ata_piix
[    1.260704] scsi host1: ata_piix
[    1.263102] ata1: PATA max UDMA/33 cmd 0x1f0 ctl 0x3f6 bmdma 0xd000 irq 14
[    1.267846] ata2: PATA max UDMA/33 cmd 0x170 ctl 0x376 bmdma 0xd008 irq 15
[    1.273716] libphy: Fixed MDIO Bus: probed
[    1.276018] tun: Universal TUN/TAP device driver, 1.6
[    1.279594] PPP generic driver version 2.4.2
[    1.282424] ehci_hcd: USB 2.0 'Enhanced' Host Controller (EHCI) Driver
[    1.286829] ehci-pci: EHCI PCI platform driver
[    1.290156] ehci-platform: EHCI generic platform driver
[    1.293152] ohci_hcd: USB 1.1 'Open' Host Controller (OHCI) Driver
[    1.296691] ohci-pci: OHCI PCI platform driver
[    1.299396] ohci-platform: OHCI generic platform driver
[    1.303252] uhci_hcd: USB Universal Host Controller Interface driver
[    1.307147] i8042: PNP: PS/2 Controller [PNP0303:PS2K,PNP0f03:PS2M] at 0x60,0x64 irq 1,12
[    1.314171] serio: i8042 KBD port at 0x60,0x64 irq 1
[    1.317822] serio: i8042 AUX port at 0x60,0x64 irq 12
[    1.320886] mousedev: PS/2 mouse device common for all mice
[    1.325171] input: AT Translated Set 2 keyboard as /devices/platform/i8042/serio0/input/input2
[    1.330808] rtc_cmos rtc_cmos: rtc core: registered rtc_cmos as rtc0
[    1.335886] rtc_cmos rtc_cmos: alarms up to one day, 114 bytes nvram
[    1.340457] i2c /dev entries driver
[    1.342446] device-mapper: uevent: version 1.0.3
[    1.345172] device-mapper: ioctl: 4.37.0-ioctl (2017-09-20) initialised: dm-devel@redhat.com
[    1.349822] ledtrig-cpu: registered to indicate activity on CPUs
[    1.353442] NET: Registered protocol family 10
[    1.358523] Segment Routing with IPv6
[    1.361179] NET: Registered protocol family 17
[    1.363860] Key type dns_resolver registered
[    1.367117] mce: Using 0 MCE banks
[    1.369211] RAS: Correctable Errors collector initialized.
[    1.372266] sched_clock: Marking stable (1372226625, 0)->(1901167008, -528940383)
[    1.376463] registered taskstats version 1
[    1.378999] Loading compiled-in X.509 certificates
[    1.383767] Loaded X.509 cert 'Build time autogenerated kernel key: 399a566a2ea98257ce6f7132c633527e9761cd56'
[    1.390378] zswap: loaded using pool lzo/zbud
[    1.395259] Key type big_key registered
[    1.398230] Key type trusted registered
[    1.401667] Key type encrypted registered
[    1.403906] AppArmor: AppArmor sha1 policy hashing enabled
[    1.407640] ima: No TPM chip found, activating TPM-bypass! (rc=-19)
[    1.411784] ima: Allocated hash algorithm: sha1
[    1.414910] evm: HMAC attrs: 0x1
[    1.417219]   Magic number: 13:338:725
[    1.419330] block loop5: hash matches
[    1.421766] rtc_cmos rtc_cmos: setting system clock to 2021-03-11 08:44:44 UTC (1615452284)
[    1.426454] BIOS EDD facility v0.16 2004-Jun-25, 0 devices found
[    1.429794] EDD information not available.
[    1.479646] Freeing unused kernel image memory: 2440K
[    1.488254] Write protecting the kernel read-only data: 20480k
[    1.492065] Freeing unused kernel image memory: 2008K
[    1.495826] Freeing unused kernel image memory: 1868K
[    1.503491] x86/mm: Checked W+X mappings: passed, no W+X pages found.
[    1.508226] x86/mm: Checking user space page tables
[    1.515383] x86/mm: Checked W+X mappings: passed, no W+X pages found.
Loading, please wait...
starting version 237
[    1.616418] e1000: Intel(R) PRO/1000 Network Driver - version 7.3.21-k8-NAPI
[    1.620801] e1000: Copyright (c) 1999-2006 Intel Corporation.
[    1.627043] Fusion MPT base driver 3.04.20
[    1.630102] Copyright (c) 1999-2008 LSI Corporation
[    1.669542] Fusion MPT SPI Host driver 3.04.20
[    1.873964] input: ImExPS/2 Generic Explorer Mouse as /devices/platform/i8042/serio1/input/input4
[    2.299675] e1000 0000:00:03.0 eth0: (PCI:33MHz:32-bit) 02:54:31:68:18:3c
[    2.304588] e1000 0000:00:03.0 eth0: Intel(R) PRO/1000 Network Connection
[    2.309181] mptbase: ioc0: Initiating bringup
[    2.405886] ioc0: LSI53C1030 A0: Capabilities={Initiator}
[    2.659049] scsi host2: ioc0: LSI53C1030 A0, FwRev=00000000h, Ports=1, MaxQ=256, IRQ=20
[    2.832856] scsi 2:0:0:0: Direct-Access     VBOX     HARDDISK         1.0  PQ: 0 ANSI: 5
[    2.839567] scsi target2:0:0: Beginning Domain Validation
[    2.845644] random: fast init done
[    2.852082] scsi target2:0:0: Domain Validation skipping write tests
[    2.856156] scsi target2:0:0: Ending Domain Validation
[    2.859416] scsi target2:0:0: asynchronous
[    2.864650] scsi 2:0:1:0: Direct-Access     VBOX     HARDDISK         1.0  PQ: 0 ANSI: 5
[    2.869115] scsi target2:0:1: Beginning Domain Validation
[    2.898135] scsi target2:0:1: Domain Validation skipping write tests
[    2.901663] scsi target2:0:1: Ending Domain Validation
[    2.919137] scsi target2:0:1: asynchronous
[    3.036323] sd 2:0:0:0: Attached scsi generic sg0 type 0
[    3.040854] sd 2:0:0:0: [sda] 83886080 512-byte logical blocks: (42.9 GB/40.0 GiB)
[    3.045140] random: systemd-udevd: uninitialized urandom read (16 bytes read)
[    3.049747] sd 2:0:1:0: Attached scsi generic sg1 type 0
[    3.054133] sd 2:0:0:0: [sda] Write Protect is off
[    3.058170] sd 2:0:1:0: [sdb] 20480 512-byte logical blocks: (10.5 MB/10.0 MiB)
[    3.070442] sd 2:0:0:0: [sda] Incomplete mode parameter data
[    3.074006] sd 2:0:0:0: [sda] Assuming drive cache: write through
[    3.078064] sd 2:0:1:0: [sdb] Write Protect is off
[    3.081356] random: systemd-udevd: uninitialized urandom read (16 bytes read)
[    3.087138] sd 2:0:1:0: [sdb] Incomplete mode parameter data
[    3.090893] sd 2:0:1:0: [sdb] Assuming drive cache: write through
[    3.103886] random: systemd-udevd: uninitialized urandom read (16 bytes read)
[    3.108975]  sda: sda1
[    3.113841] sd 2:0:0:0: [sda] Attached SCSI disk
[    3.124264] sd 2:0:1:0: [sdb] Attached SCSI disk
[    3.539754] e1000 0000:00:08.0 eth1: (PCI:33MHz:32-bit) 08:00:27:87:4e:5a
[    3.544549] e1000 0000:00:08.0 eth1: Intel(R) PRO/1000 Network Connection
[    3.549143] e1000 0000:00:08.0 enp0s8: renamed from eth1
[    3.561955] e1000 0000:00:03.0 enp0s3: renamed from eth0
Begin: Loading essential drivers ... [    5.476931] raid6: sse2x1   gen() 13618 MB/s
[    5.532081] raid6: sse2x1   xor() 10234 MB/s
[    5.584490] raid6: sse2x2   gen() 16179 MB/s
[    5.648841] raid6: sse2x2   xor() 14280 MB/s
[    5.704081] raid6: sse2x4   gen() 18678 MB/s
[    5.756354] raid6: sse2x4   xor() 12665 MB/s
[    5.760165] raid6: using algorithm sse2x4 gen() 18678 MB/s
[    5.764092] raid6: .... xor() 12665 MB/s, rmw enabled
[    5.766985] raid6: using ssse3x2 recovery algorithm
[    5.771387] xor: measuring software checksum speed
[    5.876057]    prefetch64-sse: 62502.000 MB/sec
[    5.992470]    generic_sse: 111546.000 MB/sec
[    5.996060] xor: using function: generic_sse (111546.000 MB/sec)
[    6.001256] async_tx: api initialized (async)
done.
Begin: Running /scripts/init-premount ... done.
Begin: Mounting root file system ... Begin: Running /scripts/local-top ... done.
Begin: Running /scripts/local-premount ... [    6.055464] Btrfs loaded, crc32c=crc32c-intel
Scanning for Btrfs filesystems
done.
Warning: fsck not present, so skipping root file system
[    6.101794] EXT4-fs (sda1): mounted filesystem with ordered data mode. Opts: (null)
done.
Begin: Running /scripts/local-bottom ... done.
Begin: Running /scripts/init-bottom ... done.
[    6.309759] ip_tables: (C) 2000-2006 Netfilter Core Team
[    6.328406] systemd[1]: systemd 237 running in system mode. (+PAM +AUDIT +SELINUX +IMA +APPARMOR +SMACK +SYSVINIT +UTMP +LIBCRYPTSETUP +GCRYPT +GNUTLS +ACL +XZ +LZ4 +SECCOMP +BLKID +ELFUTILS +KMOD -IDN2 +IDN -PCRE2 default-hierarchy=hybrid)
[    6.340249] systemd[1]: Detected virtualization oracle.
[    6.343763] systemd[1]: Detected architecture x86-64.

Welcome to [1mUbuntu 18.04.5 LTS[0m!

[    6.351071] systemd[1]: Set hostname to <ubuntu>.
[    6.363966] systemd[1]: Initializing machine ID from random generator.
[    6.368886] systemd[1]: Installed transient /etc/machine-id file.
[    6.695691] systemd[1]: Set up automount Arbitrary Executable File Formats File System Automount Point.
[[0;32m  OK  [0m] Set up automount Arbitrary Executab…rmats File System Automount Point.
[    6.706099] systemd[1]: Reached target Swap.
[[0;32m  OK  [0m] Reached target Swap.
[    6.712234] systemd[1]: Created slice User and Session Slice.
[[0;32m  OK  [0m] Created slice User and Session Slice.
[    6.718796] systemd[1]: Started Forward Password Requests to Wall Directory Watch.
[[0;32m  OK  [0m] Started Forward Password Requests to Wall Directory Watch.
[[0;32m  OK  [0m] Created slice System Slice.
[[0;32m  OK  [0m] Listening on LVM2 metadata daemon socket.
[[0;32m  OK  [0m] Listening on /dev/initctl Compatibility Named Pipe.
[[0;32m  OK  [0m] Listening on Syslog Socket.
[[0;32m  OK  [0m] Listening on udev Kernel Socket.
[[0;32m  OK  [0m] Listening on Journal Socket (/dev/log).
[[0;32m  OK  [0m] Reached target User and Group Name Lookups.
[[0;32m  OK  [0m] Reached target System Time Synchronized.
[[0;32m  OK  [0m] Listening on LVM2 poll daemon socket.
[[0;32m  OK  [0m] Listening on Network Service Netlink Socket.
[[0;32m  OK  [0m] Created slice system-serial\x2dgetty.slice.
[[0;32m  OK  [0m] Listening on Journal Socket.
         Mounting Huge Pages File System...
         Mounting POSIX Message Queue File System...
         Starting Remount Root and Kernel File Systems...
         Starting Create list of required st…ce nodes for the current kernel...
         Starting Load Kernel Modules...
         Starting Uncomplicated firewall...
[    6.800549] EXT4-fs (sda1): re-mounted. Opts: (null)
         Mounting Kernel Debug File System...
[    6.816966] Loading iSCSI transport class v2.0-870.
[[0;32m  OK  [0m] Listening on Device-mapper event daemon FIFOs.
         Starting Monitoring of LVM2 mirrors…ng dmeventd or progress polling...
[    6.833297] iscsi: registered transport (tcp)
         Starting Set the console keyboard layout...
[[0;32m  OK  [0m] Listening on Journal Audit Socket.
[    6.857402] iscsi: registered transport (iser)
         Starting Journal Service...
[[0;32m  OK  [0m] Reached target Slices.
[[0;32m  OK  [0m] Listening on udev Control Socket.
         Starting udev Coldplug all Devices...
[[0;32m  OK  [0m] Mounted Huge Pages File System.
[[0;32m  OK  [0m] Mounted POSIX Message Queue File System.
[[0;32m  OK  [0m] Started Remount Root and Kernel File Systems.
[[0;32m  OK  [0m] Started Create list of required sta…vice nodes for the current kernel.
[[0;32m  OK  [0m] Started Load Kernel Modules.
[[0;32m  OK  [0m] Started Uncomplicated firewall.
[[0;32m  OK  [0m] Mounted Kernel Debug File System.
[[0;32m  OK  [0m] Started LVM2 metadata daemon.
         Mounting FUSE Control File System...
         Mounting Kernel Configuration File System...
         Starting Apply Kernel Variables...
         Starting Create Static Device Nodes in /dev...
         Starting Load/Save Random Seed...
[[0;32m  OK  [0m] Started Journal Service.
[[0;32m  OK  [0m] Started Monitoring of LVM2 mirrors,…sing dmeventd or progress polling.
[[0;32m  OK  [0m] Mounted FUSE Control File System.
[[0;32m  OK  [0m] Mounted Kernel Configuration File System.
[[0;32m  OK  [0m] Started Create Static Device Nodes in /dev.
[[0;32m  OK  [0m] Started Load/Save Random Seed.
[[0;32m  OK  [0m] Started Apply Kernel Variables.
         Starting udev Kernel Device Manager...
         Starting Flush Journal to Persistent Storage...
[[0;32m  OK  [0m] Started udev Coldplug all Devices.
[[0;32m  OK  [0m] Started udev Kernel Device Manager.
[[0;32m  OK  [0m] Started Flush Journal to Persistent Storage.
[[0;32m  OK  [0m] Started Set the console keyboard layout.
[[0;32m  OK  [0m] Reached target Local File Systems (Pre).
[[0;32m  OK  [0m] Reached target Local File Systems.
         Starting AppArmor initialization...
         Starting Commit a transient machine-id on disk...
         Starting Create Volatile Files and Directories...
         Starting ebtables ruleset management...
         Starting Set console font and keymap...
         Starting Tell Plymouth To Write Out Runtime Data...
[[0;32m  OK  [0m] Started Dispatch Password Requests to Console Directory Watch.
[[0;32m  OK  [0m] Reached target Local Encrypted Volumes.
[[0;32m  OK  [0m] Started Commit a transient machine-id on disk.
[[0;32m  OK  [0m] Started Set console font and keymap.
[[0;32m  OK  [0m] Started Create Volatile Files and Directories.
         Starting Update UTMP about System Boot/Shutdown...
[[0;32m  OK  [0m] Started Tell Plymouth To Write Out Runtime Data.
[[0;32m  OK  [0m] Started Update UTMP about System Boot/Shutdown.
[[0;32m  OK  [0m] Started ebtables ruleset management.
[[0;32m  OK  [0m] Found device /dev/ttyS0.
[[0;32m  OK  [0m] Listening on Load/Save RF Kill Switch Status /dev/rfkill Watch.
[[0;32m  OK  [0m] Started AppArmor initialization.
         Starting Load AppArmor profiles managed internally by snapd...
         Starting Initial cloud-init job (pre-networking)...
[[0;32m  OK  [0m] Started Load AppArmor profiles managed internally by snapd.
[    9.992742] cloud-init[548]: Cloud-init v. 20.4.1-0ubuntu1~18.04.1 running 'init-local' at Thu, 11 Mar 2021 08:44:52 +0000. Up 9.67 seconds.
[[0;32m  OK  [0m] Started Initial cloud-init job (pre-networking).
[[0;32m  OK  [0m] Reached target Network (Pre).
         Starting Network Service...
[[0;32m  OK  [0m] Started Network Service.
         Starting Wait for Network to be Configured...
         Starting Network Name Resolution...
[[0;32m  OK  [0m] Started Network Name Resolution.
[[0;32m  OK  [0m] Reached target Host and Network Name Lookups.
[[0;32m  OK  [0m] Reached target Network.
[[0;32m  OK  [0m] Started Wait for Network to be Configured.
         Starting Initial cloud-init job (metadata service crawler)...
[   11.837262] cloud-init[627]: Cloud-init v. 20.4.1-0ubuntu1~18.04.1 running 'init' at Thu, 11 Mar 2021 08:44:54 +0000. Up 11.73 seconds.
[   11.846246] cloud-init[627]: ci-info: ++++++++++++++++++++++++++++++++++++++Net device info+++++++++++++++++++++++++++++++++++++++
[   11.854799] cloud-init[627]: ci-info: +--------+-------+----------------------------+---------------+--------+-------------------+
[   11.865123] cloud-init[627]: ci-info: | Device |   Up  |          Address           |      Mask     | Scope  |     Hw-Address    |
[   11.872701] cloud-init[627]: ci-info: +--------+-------+----------------------------+---------------+--------+-------------------+
[   11.887826] cloud-init[627]: ci-info: | enp0s3 |  True |         10.0.2.15          | 255.255.255.0 | global | 02:54:31:68:18:3c |
[   11.893183] cloud-init[627]: ci-info: | enp0s3 |  True | fe80::54:31ff:fe68:183c/64 |       .       |  link  | 02:54:31:68:18:3c |
[   11.899341] cloud-init[627]: ci-info: | enp0s8 | False |             .              |       .       |   .    | 08:00:27:87:4e:5a |
[   11.909654] cloud-init[627]: ci-info: |   lo   |  True |         127.0.0.1          |   255.0.0.0   |  host  |         .         |
[   11.920391] cloud-init[627]: ci-info: |   lo   |  True |          ::1/128           |       .       |  host  |         .         |
[   11.926758] cloud-init[627]: ci-info: +--------+-------+----------------------------+---------------+--------+-------------------+
[   11.933156] cloud-init[627]: ci-info: ++++++++++++++++++++++++++++Route IPv4 info+++++++++++++++++++++++++++++
[   11.938816] cloud-init[627]: ci-info: +-------+-------------+----------+-----------------+-----------+-------+
[   11.946185] cloud-init[627]: ci-info: | Route | Destination | Gateway  |     Genmask     | Interface | Flags |
[   11.956407] cloud-init[627]: ci-info: +-------+-------------+----------+-----------------+-----------+-------+
[   11.966329] cloud-init[627]: ci-info: |   0   |   0.0.0.0   | 10.0.2.2 |     0.0.0.0     |   enp0s3  |   UG  |
[   11.975080] cloud-init[627]: ci-info: |   1   |   10.0.2.0  | 0.0.0.0  |  255.255.255.0  |   enp0s3  |   U   |
[   11.984399] cloud-init[627]: ci-info: |   2   |   10.0.2.2  | 0.0.0.0  | 255.255.255.255 |   enp0s3  |   UH  |
[   11.991635] cloud-init[627]: ci-info: +-------+-------------+----------+-----------------+-----------+-------+
[   11.997758] cloud-init[627]: ci-info: +++++++++++++++++++Route IPv6 info+++++++++++++++++++
[   12.009168] cloud-init[627]: ci-info: +-------+-------------+---------+-----------+-------+
[   12.014143] cloud-init[627]: ci-info: | Route | Destination | Gateway | Interface | Flags |
[   12.018101] cloud-init[627]: ci-info: +-------+-------------+---------+-----------+-------+
[   12.022370] cloud-init[627]: ci-info: |   1   |  fe80::/64  |    ::   |   enp0s3  |   U   |
[   12.027138] cloud-init[627]: ci-info: |   3   |    local    |    ::   |   enp0s3  |   U   |
[   12.058018] cloud-init[627]: ci-info: |   4   |   ff00::/8  |    ::   |   enp0s3  |   U   |
[   12.071378] cloud-init[627]: ci-info: +-------+-------------+---------+-----------+-------+
[   12.841490] cloud-init[627]: Generating public/private rsa key pair.
[   12.858322] cloud-init[627]: Your identification has been saved in /etc/ssh/ssh_host_rsa_key.
[   12.863794] cloud-init[627]: Your public key has been saved in /etc/ssh/ssh_host_rsa_key.pub.
[   12.867909] cloud-init[627]: The key fingerprint is:
[   12.882613] cloud-init[627]: SHA256:sp0NfzSZ/Rb9LYNNOgtmOcBPUM0lESoHI3IfCMxofes root@ubuntu-bionic
[   12.887151] cloud-init[627]: The key's randomart image is:
[   12.890976] cloud-init[627]: +---[RSA 2048]----+
[   12.902576] cloud-init[627]: |   =o.o.+ .o++.  |
[   12.905893] cloud-init[627]: |  o +ooo = .o.   |
[[0;32m  OK  [0m] [   12.912196] cloud-init[627]: | .   . .+ o      |
[   12.915376] Started Initial cloud-init job (metadata service crawler).
[[0;32m  OK  [0m] Reached target System Initialization.
[[0;32m  OK  [0m] Started Discard unused blocks once a week.
         Starting Socket activation for snappy daemon.cloud-init[627]: |      .. +   +  .|
[   12.935571] 
[[0;32m  OK  [0m] Started Message of the Day.
cloud-init[627]: [[0;32m  OK  [0m] Started ACPI Events Check.|     .. S . = o..|
[   12.949779] cloud-init[627]: |      E+ O o * .+|
[[0;32m  OK  [0m] Reached target Paths.
[[0;32m  OK  [0m] Listening on UUID daemon activation socket.

[   12.961125] cloud-init[627]: |      . o X = + =|
         Starting LXD - unix socket.
[[0;32m  OK  [0m] [   12.968781] cloud-init[627]: |         o + o + |
[   12.971790] Listening on D-Bus System Message Bus Socket.
[[0;32m  OK  [0m] Started Daily apt download activities.
[[0;32m  OK  [0m] cloud-initStarted Daily apt upgrade and clean activities.
[[0;32m  OK  [0m] Listening on ACPID Listen Socket.
[627]: |            .    |
[[0;32m  OK  [0m] Listening on Open-iSCSI iscsid Socket.
[   12.995329] cloud-init[[0;32m  OK  [0m] Started Daily Cleanup of Temporary Directories.
[[0;32m  OK  [0m] Reached target Timers.
[[627]: +----[SHA256]-----+
[   13.002433] cloud-init[627]: [0;32m  OK  [0m] Reached target Network is Online.
Generating public/private dsa key pair.
[   13.009743] cloud-init[627]: Your identification has been saved in /etc/ssh/ssh_host_dsa_key.         Starting Availability of block devices...
[[0;32m  OK  [0m
[   13.017441] cloud-init[627]: Your public key has been saved in /etc/ssh/ssh_host_dsa_key.pub.] Reached target Remote File Systems (Pre).
[[0;32m  OK  [0m] Reached target Remote File Systems.
[[0;32m  OK  [0m] Reached target Cloud-config availability.
[   13.035129] cloud-init
[[0;32m  OK  [0m] Listening on Socket activation for snappy daemon.[627]: The key fingerprint is:
[   13.044005] 
[[0;32m  OK  [0m] Listening on LXD - unix socket.
[[0;32m  OK  [0m] Started Availability of block devices.cloud-init[627]: SHA256:jcr5IIkZ3h+7N1y7PhC+SpCV6orq+L0n+IngeP7PCnY root@ubuntu-bionic
[[0;32m  OK  [0m] Reached target Sockets.
[
[0;32m  OK  [0m] Reached target Basic System.
[[0;32m  OK  [0m] Started FUSE filesystem for LXC.
[   13.069360] cloud-init[627]: The key's randomart image is:
         Starting Login Service...
         Starting Permit User Sessions...
[   13.088706] cloud-init[627]: +---[DSA 1024]----+
         Starting Accounts Service...
         Starting LSB: automatic crash report generation...
         Starting Virtualbox guest utils...
[   13.110807] cloud-init[627]: |                 |
[   13.118870] cloud-init[627]: |       .         |
[   13.128009] cloud-init[627]: |      o          |
[   13.143479] cloud-init[627]: |     +  .o       |
[   13.152845] cloud-init[627]: |  . +  .S..      |
[   13.159971] cloud-init[627]: | . * + oo .      |
[   13.169828] cloud-init[627]: |. *.E B. + .     |[[0;32m  OK  [0m] Started Regular background program processing daemon.
         Starting LSB: Record successful boot for GRUB...

         Starting System Logging Service...[   13.186839] 
cloud-init[627]:          Starting LXD - container startup/shutdown...
         Starting Pollinate to seed the pseudo random number generator...
[[0;32m  OK  [0m] Started Deferred execution scheduler.
|++o*.*.== o      |[
[0;32m  OK  [0m] Started D-Bus System Message Bus.
[   13.221564] cloud-init[627]: |B*=oB*B+.ooo     |
[   13.231574] cloud-init[627]: +----[SHA256]-----+
[   13.242698] cloud-init[627]: Generating public/private ecdsa key pair.
[   13.252622] cloud-init[627]: Your identification has been saved in /etc/ssh/ssh_host_ecdsa_key.
[   13.262849] cloud-init[627]: Your public key has been saved in /etc/ssh/ssh_host_ecdsa_key.pub.
[   13.275116] cloud-init[627]: The key fingerprint is:
[   13.285824] cloud-init[627]: SHA256:StmY+LpZBLH7XNkvgHR5TDPeQYk8hleDqu2VIXdkNHY root@ubuntu-bionic
[   13.297417] cloud-init[627]: The key's randomart image is:
[   13.307395] cloud-init[627]: +---[ECDSA 256]---+
[   13.319580] cloud-init[627]: |    .    o+*O.E  |
[   13.337104] cloud-init[627]: |     o  .=B=+=   |
[   13.348458] cloud-init[627]: |    o . o+++.    |
[   13.361123] cloud-init[627]: |     = Bo+o .    |
[   13.374156] cloud-init[627]: |    o BoSo.+     |
[   13.385141] cloud-init[627]: |     *.o..o.     |
[[0;32m  OK  [0m] Started Login Service.
[[0;32m  OK  [0m] Started Unattended Upgrades Shutdown.
[   13.402740] cloud-init[627]: |      *. .. .    |
[   13.412651] cloud-init[627]: |     +  .  .     |
[   13.419173] cloud-init[627]: |    +.           |
[   13.424150] cloud-init[627]: +----[SHA256]-----+
[   13.429053] cloud-init[627]: Generating public/private ed25519 key pair.
[   13.434133] cloud-init[627]: Your identification has been saved in /etc/ssh/ssh_host_ed25519_key.
[   13.441417] cloud-init[627]: Your public key has been saved in /etc/ssh/ssh_host_ed25519_key.pub.
[   13.447445] cloud-init[627]: The key fingerprint is:
[   13.452533] cloud-init[627]: SHA256:bwY6LqnzvP4slKEA5qK7eES+7jB1RxxJe8hBZ5JCaG0 root@ubuntu-bionic
[   13.457886] cloud-init[[0;32m  OK  [0m] Started irqbalance daemon.
[627]: The key's randomart image is:
[   13.478779] cloud-init         Starting Dispatcher daemon for systemd-networkd...
[627]: +--[ED25519 256]--+
[   13.504327] cloud-init[627]: |   +.o*oo        |
         Starting Snap Daemon...
[[0;32m  OK  [0m] Started System Logging Service.
[   13.537049] [[0;32m  OK  [0m] Started Permit User Sessions.
cloud-init[627]: [[0;32m  OK  [0m] Started LXD - container startup/shutdown.
|..o EooO         |         Starting Authorization Manager...
         Starting Hold until boot process finishes up...
         Starting Terminate Plymouth Boot Screen...
[[0;32m  OK  [0m] 
[   13.606386] cloud-init[627]: |+. . .* .        |Started Hold until boot process finishes up.
[[0;32m  OK  [0m] Started Serial Getty on ttyS0.
         Starting Set console scheme...
[[0;32m  OK  [0m] Started Terminate Plymouth Boot Screen.

[   13.656299] cloud-init[627]: |o.. .. .         |
[[0;32m  OK  [0m] Started LSB: automatic crash report generation.
[[0;32m  OK  [0m] Started Set console scheme.
[[0;32m  OK  [0m] Created slice system-getty.slice.
[[0;32m  OK  [0m] Started Getty on tty1.
[[0;32m  OK  [0m] Reached target Login Prompts.
[   13.746245] cloud-init[627]: |o+...o. S        |
[   13.754063] [[0;32m  OK  [0m] Started Authorization Manager.
[[0;32m  OK  [0m] Started Accounts Service.cloud-init
[627]: |..+.o. . o       |[[0;32m  OK  [0m] Started LSB: Record successful boot for GRUB.

[   13.799556] cloud-init[627]: |oo o .o   +      |
[   13.827692] cloud-init[627]: |oo+.+o . o       |
[   13.845998] cloud-init[627]: |o=+===+          |
[   13.883304] cloud-init[627]: +----[SHA256]-----+
[[0;32m  OK  [0m] Started Virtualbox guest utils.
[[0;32m  OK  [0m] Started Dispatcher daemon for systemd-networkd.
[[0;32m  OK  [0m] Started Pollinate to seed the pseudo random number generator.
         Starting OpenBSD Secure Shell server...
[[0;32m  OK  [0m] Started OpenBSD Secure Shell server.
[[0;32m  OK  [0m] Started Snap Daemon.
         Starting Wait until snapd is fully seeded...
[[0;32m  OK  [0m] Created slice User Slice of vagrant.
         Starting User Manager for UID 1000...
[[0;32m  OK  [0m] Started Session 1 of user vagrant.
[[0;32m  OK  [0m] Started User Manager for UID 1000.
[[0;32m  OK  [0m] Started Wait until snapd is fully seeded.
[[0;32m  OK  [0m] Reached target Multi-User System.
[[0;32m  OK  [0m] Reached target Graphical Interface.
         Starting Update UTMP about System Runlevel Changes...
         Starting Apply the settings specified in cloud-config...
[[0;32m  OK  [0m] Started Update UTMP about System Runlevel Changes.
[   17.882176] cloud-init[1079]: Cloud-init v. 20.4.1-0ubuntu1~18.04.1 running 'modules:config' at Thu, 11 Mar 2021 08:45:00 +0000. Up 17.14 seconds.
[[0;32m  OK  [0m] Started Apply the settings specified in cloud-config.
         Starting Execute cloud user/final scripts...
ci-info: no authorized SSH keys fingerprints found for user ubuntu.
<14>Mar 11 08:45:01 ec2: 
<14>Mar 11 08:45:01 ec2: #############################################################
<14>Mar 11 08:45:01 ec2: -----BEGIN SSH HOST KEY FINGERPRINTS-----
<14>Mar 11 08:45:01 ec2: 1024 SHA256:jcr5IIkZ3h+7N1y7PhC+SpCV6orq+L0n+IngeP7PCnY root@ubuntu-bionic (DSA)
<14>Mar 11 08:45:01 ec2: 256 SHA256:StmY+LpZBLH7XNkvgHR5TDPeQYk8hleDqu2VIXdkNHY root@ubuntu-bionic (ECDSA)
<14>Mar 11 08:45:01 ec2: 256 SHA256:bwY6LqnzvP4slKEA5qK7eES+7jB1RxxJe8hBZ5JCaG0 root@ubuntu-bionic (ED25519)
<14>Mar 11 08:45:01 ec2: 2048 SHA256:sp0NfzSZ/Rb9LYNNOgtmOcBPUM0lESoHI3IfCMxofes root@ubuntu-bionic (RSA)
<14>Mar 11 08:45:01 ec2: -----END SSH HOST KEY FINGERPRINTS-----
<14>Mar 11 08:45:01 ec2: #############################################################
-----BEGIN SSH HOST KEY KEYS-----
ecdsa-sha2-nistp256 AAAAE2VjZHNhLXNoYTItbmlzdHAyNTYAAAAIbmlzdHAyNTYAAABBBEKntXM1j3LCQyETk3wIcyiOtJklQ2vxJ9ae6PTcglaba+YaQ9yMxL8qjQwzoMucU/aMgzG7r/Z0H54XzUL5dxY= root@ubuntu-bionic
ssh-ed25519 AAAAC3NzaC1lZDI1NTE5AAAAIFw2uB4MasvrvaEODUBaKlkho/loPPJjTJ6TKXrUYdRq root@ubuntu-bionic
ssh-rsa AAAAB3NzaC1yc2EAAAADAQABAAABAQDa0DXIcubfkQ3PQkmUw3YlYXOHPRGVNvDl2N1Ua/lSC+SkzVM57qJ9qpzHNlWT5mE/IkNfzvIvY4L0G6RqaBRldZLFAn3CzXTCWomUOZqTJsVvyG6AhSFenKyudE8akybuUNov/s8Js16T4Pt81Wzv8FvCk4LiQVseEnSZ5Sv3FitcF+niu+7+YRMc0wuH1V4XeVGooYpgHMBnJMl0v5DR+1SYQJMW4bq+NLV22mIunrCsvwoJGrbp/Gj5t6I890F1HOUox+qRRZqtFtclaYt/56q+hHJrk9w2G7N+gv3b4xTN6mzM8iBrXHAS30bqLuuFumJyrk2PiyorrPJBZXRR root@ubuntu-bionic
-----END SSH HOST KEY KEYS-----
[   18.661473] cloud-init[1157]: Cloud-init v. 20.4.1-0ubuntu1~18.04.1 running 'modules:final' at Thu, 11 Mar 2021 08:45:01 +0000. Up 18.43 seconds.
[   18.712415] cloud-init[1157]: ci-info: no authorized SSH keys fingerprints found for user ubuntu.
[   18.723356] cloud-init[1157]: Cloud-init v. 20.4.1-0ubuntu1~18.04.1 finished at Thu, 11 Mar 2021 08:45:01 +0000. Datasource DataSourceNoCloud [seed=/dev/sdb][dsmode=net].  Up 18.61 seconds

Ubuntu 18.04.5 LTS ubuntu-bionic ttyS0

ubuntu-bionic login: 